/cm/local/apps/slurm/var/spool/job00742/slurm_script: /cvmfs/soft.computecanada.ca/custom/software/lmod/lmod/init/bash: Too many levels of symbolic links
[I 2026-03-17 10:46:41,885] Using an existing study with name 'yoloe_hparam_search_v3' instead of creating a new one.
/fs01/home/dhaneshr/code/obj-det-test/.venv/lib/python3.12/site-packages/albumentations/core/validation.py:114: UserWarning: ShiftScaleRotate is a special case of Affine transform. Please use Affine transform instead.
  original_init(self, **validated_kwargs)
[I 2026-03-17 11:10:34,532] Trial 8 finished with value: 0.6186953783035278 and parameters: {'learning_rate': 0.00043284502212938834, 'weight_decay': 0.007969454818643935, 'slice_stride': 5, 'batch_size': 32, 'mosaic_prob': 0.34044600469728353, 'label_smooth': 0.10621088666940683, 'use_clahe': False, 'use_shift_scale_rotate': True, 'use_brightness_contrast': False, 'use_median_blur': False, 'median_blur_limit': 7, 'use_speckle_noise': False, 'speckle_level': 'heavy', 'copy_paste_p': 0.1397716475108518}. Best is trial 8 with value: 0.6186953783035278.
[I 2026-03-17 11:15:04,182] Trial 28 pruned. 
[I 2026-03-17 11:18:31,135] Trial 42 pruned. 
[I 2026-03-17 11:24:17,883] Trial 61 pruned. 
[I 2026-03-17 11:29:51,557] Trial 73 pruned. 
[I 2026-03-17 11:53:28,890] Trial 84 finished with value: 0.49163874983787537 and parameters: {'learning_rate': 0.0005783632761038575, 'weight_decay': 0.007533675191449479, 'slice_stride': 5, 'batch_size': 32, 'mosaic_prob': 0.32030859682035134, 'label_smooth': 0.09951152273950377, 'use_clahe': False, 'use_shift_scale_rotate': True, 'use_brightness_contrast': False, 'use_median_blur': False, 'median_blur_limit': 7, 'use_speckle_noise': False, 'speckle_level': 'heavy', 'copy_paste_p': 0.1618460151694219}. Best is trial 8 with value: 0.6186953783035278.
[I 2026-03-17 12:15:19,969] Trial 132 finished with value: 0.5563949346542358 and parameters: {'learning_rate': 0.0006346584987889559, 'weight_decay': 0.0064370378920159165, 'slice_stride': 5, 'batch_size': 16, 'mosaic_prob': 0.2776437064661334, 'label_smooth': 0.09531049851086541, 'use_clahe': False, 'use_shift_scale_rotate': True, 'use_brightness_contrast': False, 'use_median_blur': False, 'median_blur_limit': 7, 'use_speckle_noise': False, 'speckle_level': 'heavy', 'copy_paste_p': 0.18057166059243307}. Best is trial 8 with value: 0.6186953783035278.
[I 2026-03-17 12:20:05,260] Trial 167 pruned. 
[I 2026-03-17 12:23:48,288] Trial 179 pruned. 
[I 2026-03-17 12:29:13,251] Trial 188 pruned. 
[I 2026-03-17 12:47:19,911] Trial 199 finished with value: 0.5017709136009216 and parameters: {'learning_rate': 0.0004796636749421195, 'weight_decay': 0.0001094032110611736, 'slice_stride': 5, 'batch_size': 16, 'mosaic_prob': 0.3616972943100646, 'label_smooth': 0.10199505557185108, 'use_clahe': False, 'use_shift_scale_rotate': True, 'use_brightness_contrast': False, 'use_median_blur': False, 'median_blur_limit': 7, 'use_speckle_noise': False, 'speckle_level': 'heavy', 'copy_paste_p': 0.15369025830920433}. Best is trial 8 with value: 0.6186953783035278.
[I 2026-03-17 13:10:33,438] Trial 227 finished with value: 0.5484899282455444 and parameters: {'learning_rate': 0.0006193528694756258, 'weight_decay': 0.000796677627552941, 'slice_stride': 5, 'batch_size': 32, 'mosaic_prob': 0.2714351123574853, 'label_smooth': 0.0913068867490647, 'use_clahe': False, 'use_shift_scale_rotate': True, 'use_brightness_contrast': False, 'use_median_blur': False, 'median_blur_limit': 7, 'use_speckle_noise': False, 'speckle_level': 'heavy', 'copy_paste_p': 0.06759101993405661}. Best is trial 8 with value: 0.6186953783035278.
[I 2026-03-17 13:17:23,337] Trial 248 pruned. 
[I 2026-03-17 13:39:36,103] Trial 261 finished with value: 0.5410939455032349 and parameters: {'learning_rate': 0.0010023356224887064, 'weight_decay': 0.000179043721288578, 'slice_stride': 5, 'batch_size': 16, 'mosaic_prob': 0.3586776899505561, 'label_smooth': 0.09472827631418136, 'use_clahe': False, 'use_shift_scale_rotate': True, 'use_brightness_contrast': False, 'use_median_blur': False, 'median_blur_limit': 7, 'use_speckle_noise': False, 'speckle_level': 'heavy', 'copy_paste_p': 0.12511604940576396}. Best is trial 8 with value: 0.6186953783035278.
[I 2026-03-17 14:01:05,506] Trial 276 finished with value: 0.5067787766456604 and parameters: {'learning_rate': 0.0008198930778915877, 'weight_decay': 0.0001369789452248826, 'slice_stride': 5, 'batch_size': 16, 'mosaic_prob': 0.2558438185543114, 'label_smooth': 0.05017485307095772, 'use_clahe': False, 'use_shift_scale_rotate': True, 'use_brightness_contrast': False, 'use_median_blur': False, 'median_blur_limit': 7, 'use_speckle_noise': False, 'speckle_level': 'heavy', 'copy_paste_p': 0.41317741502978206}. Best is trial 8 with value: 0.6186953783035278.
