/cm/local/apps/slurm/var/spool/job00741/slurm_script: /cvmfs/soft.computecanada.ca/custom/software/lmod/lmod/init/bash: Too many levels of symbolic links
[I 2026-03-17 10:46:41,885] Using an existing study with name 'yoloe_hparam_search_v3' instead of creating a new one.
/fs01/home/dhaneshr/code/obj-det-test/.venv/lib/python3.12/site-packages/albumentations/core/validation.py:114: UserWarning: ShiftScaleRotate is a special case of Affine transform. Please use Affine transform instead.
  original_init(self, **validated_kwargs)
[I 2026-03-17 11:11:08,910] Trial 7 finished with value: 0.49690693616867065 and parameters: {'learning_rate': 0.00043284502212938834, 'weight_decay': 0.007969454818643935, 'slice_stride': 5, 'batch_size': 32, 'mosaic_prob': 0.34044600469728353, 'label_smooth': 0.10621088666940683, 'use_clahe': False, 'use_shift_scale_rotate': True, 'use_brightness_contrast': False, 'use_median_blur': False, 'median_blur_limit': 7, 'use_speckle_noise': False, 'speckle_level': 'heavy', 'copy_paste_p': 0.1397716475108518}. Best is trial 8 with value: 0.6186953783035278.
[I 2026-03-17 11:15:17,856] Trial 36 pruned. 
[I 2026-03-17 11:23:00,745] Trial 48 pruned. 
[I 2026-03-17 11:30:02,480] Trial 70 pruned. 
[I 2026-03-17 11:47:48,231] Trial 85 pruned. 
[I 2026-03-17 11:52:07,629] Trial 122 pruned. 
[I 2026-03-17 11:58:18,518] Trial 131 pruned. 
[I 2026-03-17 12:06:19,749] Trial 137 pruned. 
[I 2026-03-17 12:12:34,335] Trial 148 pruned. 
[I 2026-03-17 12:19:22,350] Trial 159 pruned. 
[I 2026-03-17 12:23:17,165] Trial 176 pruned. 
[I 2026-03-17 12:31:10,453] Trial 185 pruned. 
[I 2026-03-17 12:54:28,654] Trial 203 finished with value: 0.47231432795524597 and parameters: {'learning_rate': 0.00048092785500345375, 'weight_decay': 0.0019073927901335302, 'slice_stride': 5, 'batch_size': 16, 'mosaic_prob': 0.3649848771262766, 'label_smooth': 0.10199300803704285, 'use_clahe': False, 'use_shift_scale_rotate': True, 'use_brightness_contrast': False, 'use_median_blur': False, 'median_blur_limit': 7, 'use_speckle_noise': False, 'speckle_level': 'heavy', 'copy_paste_p': 0.16423441751100776}. Best is trial 8 with value: 0.6186953783035278.
[I 2026-03-17 13:16:59,655] Trial 242 finished with value: 0.5562393665313721 and parameters: {'learning_rate': 0.0007700658156922755, 'weight_decay': 0.00011570656263169212, 'slice_stride': 5, 'batch_size': 16, 'mosaic_prob': 0.2502584057999252, 'label_smooth': 0.10564540983463148, 'use_clahe': False, 'use_shift_scale_rotate': True, 'use_brightness_contrast': False, 'use_median_blur': False, 'median_blur_limit': 7, 'use_speckle_noise': False, 'speckle_level': 'heavy', 'copy_paste_p': 0.12106793826693697}. Best is trial 8 with value: 0.6186953783035278.
[I 2026-03-17 13:38:31,467] Trial 259 finished with value: 0.4805123507976532 and parameters: {'learning_rate': 0.0007921316109511697, 'weight_decay': 0.00012306691339259766, 'slice_stride': 5, 'batch_size': 8, 'mosaic_prob': 0.2509829004070538, 'label_smooth': 0.0487963841573645, 'use_clahe': False, 'use_shift_scale_rotate': True, 'use_brightness_contrast': False, 'use_median_blur': False, 'median_blur_limit': 7, 'use_speckle_noise': False, 'speckle_level': 'heavy', 'copy_paste_p': 0.30649425698986504}. Best is trial 8 with value: 0.6186953783035278.
