[I 2026-03-17 14:39:44,851] Using an existing study with name 'yoloe_hparam_search_v4' instead of creating a new one.
/fs01/home/dhaneshr/code/obj-det-test/.venv/lib/python3.12/site-packages/albumentations/core/validation.py:114: UserWarning: ShiftScaleRotate is a special case of Affine transform. Please use Affine transform instead.
  original_init(self, **validated_kwargs)
[I 2026-03-17 14:50:59,546] Trial 7 pruned. 
[I 2026-03-17 14:57:35,619] Trial 33 pruned. 
[I 2026-03-17 15:11:26,533] Trial 46 finished with value: 0.6934380634299662 and parameters: {'learning_rate': 0.0013803536440656827, 'weight_decay': 0.0037337870210359166, 'mosaic_prob': 0.34287370961329033, 'label_smooth': 0.04857489978398091, 'copy_paste_p': 0.00477581223415352, 'slice_stride': 7, 'batch_size': 16, 'use_clahe': True, 'use_shift_scale_rotate': True, 'use_brightness_contrast': False, 'use_median_blur': True, 'median_blur_limit': 5, 'use_speckle_noise': False, 'speckle_level': 'heavy'}. Best is trial 14 with value: 0.7280141285840982.
[I 2026-03-17 15:21:59,835] Trial 73 pruned. 
[I 2026-03-17 15:32:52,046] Trial 91 pruned. 
[I 2026-03-17 15:45:26,707] Trial 120 pruned. 
[I 2026-03-17 16:02:09,639] Trial 138 finished with value: 0.6996195798941338 and parameters: {'learning_rate': 0.00489895535572202, 'weight_decay': 0.0032642669855824716, 'mosaic_prob': 0.2582113051881179, 'label_smooth': 0.031397342320711605, 'copy_paste_p': 0.1205974887202714, 'slice_stride': 10, 'batch_size': 8, 'use_clahe': True, 'use_shift_scale_rotate': True, 'use_brightness_contrast': False, 'use_median_blur': True, 'median_blur_limit': 3, 'use_speckle_noise': False, 'speckle_level': 'heavy'}. Best is trial 14 with value: 0.7280141285840982.
[I 2026-03-17 16:12:26,730] Trial 169 pruned. 
[I 2026-03-17 16:28:27,201] Trial 183 finished with value: 0.6777077981102185 and parameters: {'learning_rate': 0.0024089375552820863, 'weight_decay': 0.007704820491803288, 'mosaic_prob': 0.29360382816130604, 'label_smooth': 0.020685996171887683, 'copy_paste_p': 0.08100527414002898, 'slice_stride': 10, 'batch_size': 16, 'use_clahe': True, 'use_shift_scale_rotate': True, 'use_brightness_contrast': False, 'use_median_blur': True, 'median_blur_limit': 5, 'use_speckle_noise': False, 'speckle_level': 'heavy'}. Best is trial 14 with value: 0.7280141285840982.
[I 2026-03-17 16:38:54,846] Trial 212 pruned. 
[I 2026-03-17 16:53:41,410] Trial 230 finished with value: 0.7212382199664128 and parameters: {'learning_rate': 0.00035969032194780904, 'weight_decay': 0.0010995700750000266, 'mosaic_prob': 0.38644887483960116, 'label_smooth': 0.026772279053107233, 'copy_paste_p': 0.41745490907872457, 'slice_stride': 10, 'batch_size': 16, 'use_clahe': True, 'use_shift_scale_rotate': True, 'use_brightness_contrast': False, 'use_median_blur': True, 'median_blur_limit': 5, 'use_speckle_noise': False, 'speckle_level': 'heavy'}. Best is trial 14 with value: 0.7280141285840982.
[I 2026-03-17 17:07:56,170] Trial 253 pruned. 
[I 2026-03-17 17:23:21,085] Trial 274 finished with value: 0.6666007698448784 and parameters: {'learning_rate': 0.0003864946484974966, 'weight_decay': 0.006982006081244208, 'mosaic_prob': 0.16760132439740716, 'label_smooth': 0.09561827893232029, 'copy_paste_p': 0.07129829611278925, 'slice_stride': 10, 'batch_size': 16, 'use_clahe': True, 'use_shift_scale_rotate': True, 'use_brightness_contrast': False, 'use_median_blur': True, 'median_blur_limit': 5, 'use_speckle_noise': False, 'speckle_level': 'heavy'}. Best is trial 14 with value: 0.7280141285840982.
[I 2026-03-17 17:27:57,705] Trial 283 pruned. 
[I 2026-03-17 17:34:40,174] Trial 284 finished with value: 0.7227722772277232 and parameters: {'learning_rate': 0.002870082935274627, 'weight_decay': 0.002751448522765742, 'mosaic_prob': 0.41051386826474534, 'label_smooth': 0.02808807540561753, 'copy_paste_p': 0.35989723290592873, 'slice_stride': 7, 'batch_size': 16, 'use_clahe': True, 'use_shift_scale_rotate': True, 'use_brightness_contrast': False, 'use_median_blur': True, 'median_blur_limit': 5, 'use_speckle_noise': False, 'speckle_level': 'heavy'}. Best is trial 14 with value: 0.7280141285840982.
