/cm/local/apps/slurm/var/spool/job00744/slurm_script: /cvmfs/soft.computecanada.ca/custom/software/lmod/lmod/init/bash: Too many levels of symbolic links
[I 2026-03-17 10:46:43,723] Using an existing study with name 'yoloe_hparam_search_v3' instead of creating a new one.
/fs01/home/dhaneshr/code/obj-det-test/.venv/lib/python3.12/site-packages/albumentations/core/validation.py:114: UserWarning: ShiftScaleRotate is a special case of Affine transform. Please use Affine transform instead.
  original_init(self, **validated_kwargs)
[I 2026-03-17 11:09:47,474] Trial 10 finished with value: 0.5344123244285583 and parameters: {'learning_rate': 0.00043284502212938834, 'weight_decay': 0.007969454818643935, 'slice_stride': 5, 'batch_size': 32, 'mosaic_prob': 0.34044600469728353, 'label_smooth': 0.10621088666940683, 'use_clahe': False, 'use_shift_scale_rotate': True, 'use_brightness_contrast': False, 'use_median_blur': False, 'median_blur_limit': 7, 'use_speckle_noise': False, 'speckle_level': 'heavy', 'copy_paste_p': 0.1397716475108518}. Best is trial 10 with value: 0.5344123244285583.
[I 2026-03-17 11:17:46,224] Trial 23 pruned. 
[I 2026-03-17 11:40:10,150] Trial 60 finished with value: 0.4949295222759247 and parameters: {'learning_rate': 0.0003031759214886331, 'weight_decay': 0.005177366045004887, 'slice_stride': 5, 'batch_size': 16, 'mosaic_prob': 0.3044757576140966, 'label_smooth': 0.09255271897436304, 'use_clahe': False, 'use_shift_scale_rotate': True, 'use_brightness_contrast': False, 'use_median_blur': False, 'median_blur_limit': 7, 'use_speckle_noise': False, 'speckle_level': 'heavy', 'copy_paste_p': 0.20456692585139036}. Best is trial 8 with value: 0.6186953783035278.
[I 2026-03-17 11:45:10,024] Trial 106 pruned. 
[I 2026-03-17 11:49:19,907] Trial 115 pruned. 
[I 2026-03-17 12:10:32,016] Trial 123 finished with value: 0.5069687366485596 and parameters: {'learning_rate': 0.00041971699179861567, 'weight_decay': 0.008779320446528217, 'slice_stride': 5, 'batch_size': 16, 'mosaic_prob': 0.3121194401242586, 'label_smooth': 0.01716276446126777, 'use_clahe': False, 'use_shift_scale_rotate': True, 'use_brightness_contrast': False, 'use_median_blur': False, 'median_blur_limit': 5, 'use_speckle_noise': False, 'speckle_level': 'heavy', 'copy_paste_p': 0.07873662926963862}. Best is trial 8 with value: 0.6186953783035278.
[I 2026-03-17 12:16:26,619] Trial 156 pruned. 
[I 2026-03-17 12:22:34,577] Trial 171 pruned. 
[I 2026-03-17 12:26:15,163] Trial 183 pruned. 
[I 2026-03-17 12:31:26,773] Trial 195 pruned. 
[I 2026-03-17 12:46:43,320] Trial 205 pruned. 
[I 2026-03-17 12:53:32,123] Trial 226 pruned. 
[I 2026-03-17 13:15:57,003] Trial 239 finished with value: 0.5581185817718506 and parameters: {'learning_rate': 0.0005317444900545343, 'weight_decay': 0.00015547197313761182, 'slice_stride': 5, 'batch_size': 16, 'mosaic_prob': 0.3702089512191987, 'label_smooth': 0.05068483679805762, 'use_clahe': False, 'use_shift_scale_rotate': True, 'use_brightness_contrast': False, 'use_median_blur': False, 'median_blur_limit': 7, 'use_speckle_noise': False, 'speckle_level': 'heavy', 'copy_paste_p': 0.1381720026465691}. Best is trial 8 with value: 0.6186953783035278.
[I 2026-03-17 13:38:19,166] Trial 256 finished with value: 0.5064793229103088 and parameters: {'learning_rate': 0.0007713893884096327, 'weight_decay': 0.00015997744364811703, 'slice_stride': 5, 'batch_size': 8, 'mosaic_prob': 0.36857982252688026, 'label_smooth': 0.06459728265242135, 'use_clahe': False, 'use_shift_scale_rotate': True, 'use_brightness_contrast': False, 'use_median_blur': False, 'median_blur_limit': 7, 'use_speckle_noise': False, 'speckle_level': 'heavy', 'copy_paste_p': 0.13297038853221418}. Best is trial 8 with value: 0.6186953783035278.
[I 2026-03-17 13:58:13,287] Trial 274 finished with value: 0.4824713170528412 and parameters: {'learning_rate': 0.001030511541238237, 'weight_decay': 0.00011765080469382572, 'slice_stride': 5, 'batch_size': 16, 'mosaic_prob': 0.23721760649879453, 'label_smooth': 0.052774915140131946, 'use_clahe': False, 'use_shift_scale_rotate': True, 'use_brightness_contrast': False, 'use_median_blur': False, 'median_blur_limit': 7, 'use_speckle_noise': False, 'speckle_level': 'heavy', 'copy_paste_p': 0.09694731042595153}. Best is trial 8 with value: 0.6186953783035278.
