[I 2026-03-15 11:13:32,297] Using an existing study with name 'yoloe_hparam_search_v2' instead of creating a new one.
/fs01/home/dhaneshr/code/obj-det-test/.venv/lib/python3.12/site-packages/albumentations/core/validation.py:114: UserWarning: ShiftScaleRotate is a special case of Affine transform. Please use Affine transform instead.
  original_init(self, **validated_kwargs)
[I 2026-03-15 11:36:00,051] Trial 9 finished with value: 0.5039772987365723 and parameters: {'learning_rate': 0.00043284502212938834, 'weight_decay': 0.007969454818643935, 'slice_stride': 5, 'batch_size': 32, 'mosaic_prob': 0.34044600469728353, 'label_smooth': 0.10621088666940683, 'use_clahe': False, 'use_shift_scale_rotate': True, 'use_brightness_contrast': False}. Best is trial 9 with value: 0.5039772987365723.
[I 2026-03-15 11:40:24,749] Trial 14 pruned. 
[I 2026-03-15 11:45:12,628] Trial 26 pruned. 
[I 2026-03-15 12:07:58,196] Trial 36 finished with value: 0.49118268489837646 and parameters: {'learning_rate': 0.0008656601134298435, 'weight_decay': 0.004279721598547309, 'slice_stride': 5, 'batch_size': 16, 'mosaic_prob': 0.2312461052714101, 'label_smooth': 0.1480608988200256, 'use_clahe': True, 'use_shift_scale_rotate': True, 'use_brightness_contrast': False}. Best is trial 40 with value: 0.5430223345756531.
[I 2026-03-15 12:13:13,727] Trial 57 pruned. 
[I 2026-03-15 12:18:51,034] Trial 64 pruned. 
[I 2026-03-15 12:24:10,097] Trial 68 pruned. 
[I 2026-03-15 12:28:13,544] Trial 75 pruned. 
[I 2026-03-15 12:52:37,370] Trial 80 finished with value: 0.5270522832870483 and parameters: {'learning_rate': 0.0007391057030666318, 'weight_decay': 0.0077555028847791745, 'slice_stride': 5, 'batch_size': 32, 'mosaic_prob': 0.34447978989883926, 'label_smooth': 0.11155764640985312, 'use_clahe': False, 'use_shift_scale_rotate': True, 'use_brightness_contrast': False}. Best is trial 60 with value: 0.5787034034729004.
[I 2026-03-15 13:14:40,855] Trial 108 finished with value: 0.5070807933807373 and parameters: {'learning_rate': 0.0002930669981680497, 'weight_decay': 0.005511324751284091, 'slice_stride': 5, 'batch_size': 8, 'mosaic_prob': 0.35110295505347633, 'label_smooth': 0.07991789876138858, 'use_clahe': False, 'use_shift_scale_rotate': True, 'use_brightness_contrast': False}. Best is trial 60 with value: 0.5787034034729004.
