[I 2026-03-15 11:13:37,338] Using an existing study with name 'yoloe_hparam_search_v2' instead of creating a new one.
/fs01/home/dhaneshr/code/obj-det-test/.venv/lib/python3.12/site-packages/albumentations/core/validation.py:114: UserWarning: ShiftScaleRotate is a special case of Affine transform. Please use Affine transform instead.
  original_init(self, **validated_kwargs)
[I 2026-03-15 11:36:51,938] Trial 11 finished with value: 0.5153104066848755 and parameters: {'learning_rate': 0.00043284502212938834, 'weight_decay': 0.007969454818643935, 'slice_stride': 5, 'batch_size': 32, 'mosaic_prob': 0.34044600469728353, 'label_smooth': 0.10621088666940683, 'use_clahe': False, 'use_shift_scale_rotate': True, 'use_brightness_contrast': False}. Best is trial 11 with value: 0.5153104066848755.
[I 2026-03-15 11:41:18,453] Trial 15 pruned. 
[I 2026-03-15 11:46:06,115] Trial 27 pruned. 
[I 2026-03-15 12:07:43,601] Trial 39 finished with value: 0.47169017791748047 and parameters: {'learning_rate': 0.0008656601134298435, 'weight_decay': 0.004658514957649126, 'slice_stride': 5, 'batch_size': 16, 'mosaic_prob': 0.2312461052714101, 'label_smooth': 0.1480608988200256, 'use_clahe': False, 'use_shift_scale_rotate': True, 'use_brightness_contrast': False}. Best is trial 3 with value: 0.538092315196991.
[I 2026-03-15 12:31:09,267] Trial 55 finished with value: 0.5329155325889587 and parameters: {'learning_rate': 0.0005530835273447244, 'weight_decay': 0.00911081485034933, 'slice_stride': 5, 'batch_size': 32, 'mosaic_prob': 0.3183068703518873, 'label_smooth': 0.1307731184844489, 'use_clahe': False, 'use_shift_scale_rotate': True, 'use_brightness_contrast': False}. Best is trial 40 with value: 0.5430223345756531.
[I 2026-03-15 12:37:05,346] Trial 83 pruned. 
[I 2026-03-15 12:47:00,593] Trial 90 pruned. 
[I 2026-03-15 12:52:18,071] Trial 102 pruned. 
[I 2026-03-15 13:14:32,682] Trial 107 finished with value: 0.5241513252258301 and parameters: {'learning_rate': 0.00043066306551515354, 'weight_decay': 0.005542810937308969, 'slice_stride': 5, 'batch_size': 8, 'mosaic_prob': 0.3935774664391662, 'label_smooth': 0.08194128928337215, 'use_clahe': False, 'use_shift_scale_rotate': True, 'use_brightness_contrast': False}. Best is trial 60 with value: 0.5787034034729004.
[I 2026-03-15 13:19:35,608] Trial 119 pruned. 
