/cm/local/apps/slurm/var/spool/job00749/slurm_script: /cvmfs/soft.computecanada.ca/custom/software/lmod/lmod/init/bash: Too many levels of symbolic links
[I 2026-03-17 10:46:50,004] Using an existing study with name 'yoloe_hparam_search_v3' instead of creating a new one.
/fs01/home/dhaneshr/code/obj-det-test/.venv/lib/python3.12/site-packages/albumentations/core/validation.py:114: UserWarning: ShiftScaleRotate is a special case of Affine transform. Please use Affine transform instead.
  original_init(self, **validated_kwargs)
[I 2026-03-17 11:11:16,512] Trial 15 finished with value: 0.49556952714920044 and parameters: {'learning_rate': 0.00043284502212938834, 'weight_decay': 0.007969454818643935, 'slice_stride': 5, 'batch_size': 32, 'mosaic_prob': 0.34044600469728353, 'label_smooth': 0.10621088666940683, 'use_clahe': False, 'use_shift_scale_rotate': True, 'use_brightness_contrast': False, 'use_median_blur': False, 'median_blur_limit': 7, 'use_speckle_noise': False, 'speckle_level': 'heavy', 'copy_paste_p': 0.1397716475108518}. Best is trial 8 with value: 0.6186953783035278.
[I 2026-03-17 11:15:18,710] Trial 38 pruned. 
[I 2026-03-17 11:24:45,232] Trial 49 pruned. 
[I 2026-03-17 11:30:56,573] Trial 75 pruned. 
[I 2026-03-17 11:36:48,394] Trial 89 pruned. 
[I 2026-03-17 12:00:34,344] Trial 96 finished with value: 0.4892100393772125 and parameters: {'learning_rate': 0.0005014070109978801, 'weight_decay': 0.0076820916684973515, 'slice_stride': 5, 'batch_size': 32, 'mosaic_prob': 0.327270217532977, 'label_smooth': 0.10904471276820671, 'use_clahe': False, 'use_shift_scale_rotate': True, 'use_brightness_contrast': False, 'use_median_blur': False, 'median_blur_limit': 7, 'use_speckle_noise': False, 'speckle_level': 'heavy', 'copy_paste_p': 0.23376803253730394}. Best is trial 8 with value: 0.6186953783035278.
[I 2026-03-17 12:07:46,649] Trial 139 pruned. 
[I 2026-03-17 12:14:44,455] Trial 152 pruned. 
[I 2026-03-17 12:20:00,891] Trial 164 pruned. 
[I 2026-03-17 12:30:05,397] Trial 178 pruned. 
[I 2026-03-17 12:53:03,985] Trial 201 finished with value: 0.5392410755157471 and parameters: {'learning_rate': 0.0004796636749421195, 'weight_decay': 0.0001094032110611736, 'slice_stride': 5, 'batch_size': 16, 'mosaic_prob': 0.3616972943100646, 'label_smooth': 0.10199505557185108, 'use_clahe': False, 'use_shift_scale_rotate': True, 'use_brightness_contrast': False, 'use_median_blur': False, 'median_blur_limit': 7, 'use_speckle_noise': False, 'speckle_level': 'heavy', 'copy_paste_p': 0.15369025830920433}. Best is trial 8 with value: 0.6186953783035278.
[I 2026-03-17 13:13:27,159] Trial 238 finished with value: 0.5146622061729431 and parameters: {'learning_rate': 0.00039111937084953174, 'weight_decay': 0.00015547197313761182, 'slice_stride': 5, 'batch_size': 16, 'mosaic_prob': 0.3702089512191987, 'label_smooth': 0.05068483679805762, 'use_clahe': False, 'use_shift_scale_rotate': True, 'use_brightness_contrast': False, 'use_median_blur': False, 'median_blur_limit': 7, 'use_speckle_noise': False, 'speckle_level': 'heavy', 'copy_paste_p': 0.1381720026465691}. Best is trial 8 with value: 0.6186953783035278.
[I 2026-03-17 13:29:47,926] Trial 252 pruned. 
[I 2026-03-17 13:34:38,129] Trial 268 pruned. 
[I 2026-03-17 13:54:22,337] Trial 270 finished with value: 0.5102034211158752 and parameters: {'learning_rate': 0.0010384877248963713, 'weight_decay': 0.00011984971527575328, 'slice_stride': 5, 'batch_size': 16, 'mosaic_prob': 0.2405130846313055, 'label_smooth': 0.09283982367348824, 'use_clahe': False, 'use_shift_scale_rotate': True, 'use_brightness_contrast': False, 'use_median_blur': False, 'median_blur_limit': 7, 'use_speckle_noise': False, 'speckle_level': 'heavy', 'copy_paste_p': 0.10237143876597854}. Best is trial 8 with value: 0.6186953783035278.
